# JRE version: Java(TM) SE Runtime Environment (8.0_202-b08) (build 1.8.0_202-b08)
# Java VM: Java HotSpot(TM) 64-Bit Server VM (25.202-b08 mixed mode windows-amd64 compressed oops)
Heap:
 PSYoungGen      total 67584K, used 52982K [0x00000000ec580000, 0x00000000f1180000, 0x0000000100000000)
  eden space 60416K, 87% used [0x00000000ec580000,0x00000000ef93d958,0x00000000f0080000)
  from space 7168K, 0% used [0x00000000f0880000,0x00000000f0880000,0x00000000f0f80000)
  to   space 8192K, 0% used [0x00000000f0080000,0x00000000f0080000,0x00000000f0880000)
 ParOldGen       total 28672K, used 7277K [0x00000000c5000000, 0x00000000c6c00000, 0x00000000ec580000)
  object space 28672K, 25% used [0x00000000c5000000,0x00000000c571b6d0,0x00000000c6c00000)
 Metaspace       used 29415K, capacity 30002K, committed 30256K, reserved 1075200K
  class space    used 3937K, capacity 4092K, committed 4144K, reserved 1048576K
GC Heap History (10 events):
Event: 1.424 GC heap before
{Heap before GC invocations=3 (full 0):
 PSYoungGen      total 17920K, used 16712K [0x00000000ec580000, 0x00000000ee880000, 0x0000000100000000)
  eden space 15360K, 99% used [0x00000000ec580000,0x00000000ed47e6a0,0x00000000ed480000)
  from space 2560K, 53% used [0x00000000ed700000,0x00000000ed853af0,0x00000000ed980000)
  to   space 2560K, 0% used [0x00000000ed480000,0x00000000ed480000,0x00000000ed700000)
 ParOldGen       total 40960K, used 574K [0x00000000c5000000, 0x00000000c7800000, 0x00000000ec580000)
  object space 40960K, 1% used [0x00000000c5000000,0x00000000c508f8e0,0x00000000c7800000)
 Metaspace       used 8895K, capacity 9020K, committed 9216K, reserved 1056768K
  class space    used 1091K, capacity 1156K, committed 1280K, reserved 1048576K
Event: 1.426 GC heap after
Heap after GC invocations=3 (full 0):
 PSYoungGen      total 17920K, used 1361K [0x00000000ec580000, 0x00000000ee880000, 0x0000000100000000)
  eden space 15360K, 0% used [0x00000000ec580000,0x00000000ec580000,0x00000000ed480000)
  from space 2560K, 53% used [0x00000000ed480000,0x00000000ed5d44b8,0x00000000ed700000)
  to   space 2560K, 0% used [0x00000000ee600000,0x00000000ee600000,0x00000000ee880000)
 ParOldGen       total 40960K, used 574K [0x00000000c5000000, 0x00000000c7800000, 0x00000000ec580000)
  object space 40960K, 1% used [0x00000000c5000000,0x00000000c508f8e0,0x00000000c7800000)
 Metaspace       used 8895K, capacity 9020K, committed 9216K, reserved 1056768K
  class space    used 1091K, capacity 1156K, committed 1280K, reserved 1048576K
}
Event: 1.693 GC heap before
{Heap before GC invocations=4 (full 0):
 PSYoungGen      total 17920K, used 16721K [0x00000000ec580000, 0x00000000ee880000, 0x0000000100000000)
  eden space 15360K, 100% used [0x00000000ec580000,0x00000000ed480000,0x00000000ed480000)
  from space 2560K, 53% used [0x00000000ed480000,0x00000000ed5d44b8,0x00000000ed700000)
  to   space 2560K, 0% used [0x00000000ee600000,0x00000000ee600000,0x00000000ee880000)
 ParOldGen       total 40960K, used 574K [0x00000000c5000000, 0x00000000c7800000, 0x00000000ec580000)
  object space 40960K, 1% used [0x00000000c5000000,0x00000000c508f8e0,0x00000000c7800000)
 Metaspace       used 10748K, capacity 10988K, committed 11136K, reserved 1058816K
  class space    used 1327K, capacity 1404K, committed 1408K, reserved 1048576K
Event: 1.697 GC heap after
Heap after GC invocations=4 (full 0):
 PSYoungGen      total 33280K, used 2552K [0x00000000ec580000, 0x00000000ee880000, 0x0000000100000000)
  eden space 30720K, 0% used [0x00000000ec580000,0x00000000ec580000,0x00000000ee380000)
  from space 2560K, 99% used [0x00000000ee600000,0x00000000ee87e3b8,0x00000000ee880000)
  to   space 2560K, 0% used [0x00000000ee380000,0x00000000ee380000,0x00000000ee600000)
 ParOldGen       total 40960K, used 975K [0x00000000c5000000, 0x00000000c7800000, 0x00000000ec580000)
  object space 40960K, 2% used [0x00000000c5000000,0x00000000c50f3fe0,0x00000000c7800000)
 Metaspace       used 10748K, capacity 10988K, committed 11136K, reserved 1058816K
  class space    used 1327K, capacity 1404K, committed 1408K, reserved 1048576K
}
Event: 2.731 GC heap before
{Heap before GC invocations=5 (full 0):
 PSYoungGen      total 33280K, used 33272K [0x00000000ec580000, 0x00000000ee880000, 0x0000000100000000)
  eden space 30720K, 100% used [0x00000000ec580000,0x00000000ee380000,0x00000000ee380000)
  from space 2560K, 99% used [0x00000000ee600000,0x00000000ee87e3b8,0x00000000ee880000)
  to   space 2560K, 0% used [0x00000000ee380000,0x00000000ee380000,0x00000000ee600000)
 ParOldGen       total 40960K, used 975K [0x00000000c5000000, 0x00000000c7800000, 0x00000000ec580000)
  object space 40960K, 2% used [0x00000000c5000000,0x00000000c50f3fe0,0x00000000c7800000)
 Metaspace       used 16925K, capacity 17216K, committed 17408K, reserved 1064960K
  class space    used 2221K, capacity 2301K, committed 2304K, reserved 1048576K
Event: 2.741 GC heap after
Heap after GC invocations=5 (full 0):
 PSYoungGen      total 33280K, used 2555K [0x00000000ec580000, 0x00000000f0f80000, 0x0000000100000000)
  eden space 30720K, 0% used [0x00000000ec580000,0x00000000ec580000,0x00000000ee380000)
  from space 2560K, 99% used [0x00000000ee380000,0x00000000ee5fec28,0x00000000ee600000)
  to   space 7168K, 0% used [0x00000000f0880000,0x00000000f0880000,0x00000000f0f80000)
 ParOldGen       total 40960K, used 5461K [0x00000000c5000000, 0x00000000c7800000, 0x00000000ec580000)
  object space 40960K, 13% used [0x00000000c5000000,0x00000000c55555d0,0x00000000c7800000)
 Metaspace       used 16925K, capacity 17216K, committed 17408K, reserved 1064960K
  class space    used 2221K, capacity 2301K, committed 2304K, reserved 1048576K
}
Event: 3.219 GC heap before
{Heap before GC invocations=6 (full 0):
 PSYoungGen      total 33280K, used 17890K [0x00000000ec580000, 0x00000000f0f80000, 0x0000000100000000)
  eden space 30720K, 49% used [0x00000000ec580000,0x00000000ed479ee0,0x00000000ee380000)
  from space 2560K, 99% used [0x00000000ee380000,0x00000000ee5fec28,0x00000000ee600000)
  to   space 7168K, 0% used [0x00000000f0880000,0x00000000f0880000,0x00000000f0f80000)
 ParOldGen       total 40960K, used 5461K [0x00000000c5000000, 0x00000000c7800000, 0x00000000ec580000)
  object space 40960K, 13% used [0x00000000c5000000,0x00000000c55555d0,0x00000000c7800000)
 Metaspace       used 20803K, capacity 21150K, committed 21296K, reserved 1067008K
  class space    used 2712K, capacity 2842K, committed 2864K, reserved 1048576K
Event: 3.228 GC heap after
Heap after GC invocations=6 (full 0):
 PSYoungGen      total 67584K, used 6597K [0x00000000ec580000, 0x00000000f1180000, 0x0000000100000000)
  eden space 60416K, 0% used [0x00000000ec580000,0x00000000ec580000,0x00000000f0080000)
  from space 7168K, 92% used [0x00000000f0880000,0x00000000f0ef1478,0x00000000f0f80000)
  to   space 8192K, 0% used [0x00000000f0080000,0x00000000f0080000,0x00000000f0880000)
 ParOldGen       total 40960K, used 5469K [0x00000000c5000000, 0x00000000c7800000, 0x00000000ec580000)
  object space 40960K, 13% used [0x00000000c5000000,0x00000000c55575d0,0x00000000c7800000)
 Metaspace       used 20803K, capacity 21150K, committed 21296K, reserved 1067008K
  class space    used 2712K, capacity 2842K, committed 2864K, reserved 1048576K
}
Event: 3.228 GC heap before
{Heap before GC invocations=7 (full 1):
 PSYoungGen      total 67584K, used 6597K [0x00000000ec580000, 0x00000000f1180000, 0x0000000100000000)
  eden space 60416K, 0% used [0x00000000ec580000,0x00000000ec580000,0x00000000f0080000)
  from space 7168K, 92% used [0x00000000f0880000,0x00000000f0ef1478,0x00000000f0f80000)
  to   space 8192K, 0% used [0x00000000f0080000,0x00000000f0080000,0x00000000f0880000)
 ParOldGen       total 40960K, used 5469K [0x00000000c5000000, 0x00000000c7800000, 0x00000000ec580000)
  object space 40960K, 13% used [0x00000000c5000000,0x00000000c55575d0,0x00000000c7800000)
 Metaspace       used 20803K, capacity 21150K, committed 21296K, reserved 1067008K
  class space    used 2712K, capacity 2842K, committed 2864K, reserved 1048576K
Event: 3.259 GC heap after
Heap after GC invocations=7 (full 1):
 PSYoungGen      total 67584K, used 0K [0x00000000ec580000, 0x00000000f1180000, 0x0000000100000000)
  eden space 60416K, 0% used [0x00000000ec580000,0x00000000ec580000,0x00000000f0080000)
  from space 7168K, 0% used [0x00000000f0880000,0x00000000f0880000,0x00000000f0f80000)
  to   space 8192K, 0% used [0x00000000f0080000,0x00000000f0080000,0x00000000f0880000)
 ParOldGen       total 28672K, used 7277K [0x00000000c5000000, 0x00000000c6c00000, 0x00000000ec580000)
  object space 28672K, 25% used [0x00000000c5000000,0x00000000c571b6d0,0x00000000c6c00000)
 Metaspace       used 20803K, capacity 21150K, committed 21296K, reserved 1067008K
  class space    used 2712K, capacity 2842K, committed 2864K, reserved 1048576K
}

