# JRE version: Java(TM) SE Runtime Environment (8.0_202-b08) (build 1.8.0_202-b08)
# Java VM: Java HotSpot(TM) 64-Bit Server VM (25.202-b08 mixed mode windows-amd64 compressed oops)
Heap:
 PSYoungGen      total 33280K, used 23829K [0x00000000ec580000, 0x00000000ee880000, 0x0000000100000000)
  eden space 30720K, 69% used [0x00000000ec580000,0x00000000eda46e58,0x00000000ee380000)
  from space 2560K, 99% used [0x00000000ee380000,0x00000000ee5fe7d8,0x00000000ee600000)
  to   space 2560K, 0% used [0x00000000ee600000,0x00000000ee600000,0x00000000ee880000)
 ParOldGen       total 30720K, used 10272K [0x00000000c5000000, 0x00000000c6e00000, 0x00000000ec580000)
  object space 30720K, 33% used [0x00000000c5000000,0x00000000c5a08200,0x00000000c6e00000)
 Metaspace       used 29352K, capacity 29942K, committed 30256K, reserved 1075200K
  class space    used 3929K, capacity 4092K, committed 4144K, reserved 1048576K
GC Heap History (10 events):
Event: 1.353 GC heap before
{Heap before GC invocations=4 (full 0):
 PSYoungGen      total 17920K, used 16705K [0x00000000ec580000, 0x00000000ee880000, 0x0000000100000000)
  eden space 15360K, 100% used [0x00000000ec580000,0x00000000ed480000,0x00000000ed480000)
  from space 2560K, 52% used [0x00000000ed480000,0x00000000ed5d04c8,0x00000000ed700000)
  to   space 2560K, 0% used [0x00000000ee600000,0x00000000ee600000,0x00000000ee880000)
 ParOldGen       total 40960K, used 665K [0x00000000c5000000, 0x00000000c7800000, 0x00000000ec580000)
  object space 40960K, 1% used [0x00000000c5000000,0x00000000c50a6690,0x00000000c7800000)
 Metaspace       used 10739K, capacity 10928K, committed 11136K, reserved 1058816K
  class space    used 1325K, capacity 1404K, committed 1408K, reserved 1048576K
Event: 1.359 GC heap after
Heap after GC invocations=4 (full 0):
 PSYoungGen      total 33280K, used 2533K [0x00000000ec580000, 0x00000000ee880000, 0x0000000100000000)
  eden space 30720K, 0% used [0x00000000ec580000,0x00000000ec580000,0x00000000ee380000)
  from space 2560K, 98% used [0x00000000ee600000,0x00000000ee879658,0x00000000ee880000)
  to   space 2560K, 0% used [0x00000000ee380000,0x00000000ee380000,0x00000000ee600000)
 ParOldGen       total 40960K, used 1077K [0x00000000c5000000, 0x00000000c7800000, 0x00000000ec580000)
  object space 40960K, 2% used [0x00000000c5000000,0x00000000c510d548,0x00000000c7800000)
 Metaspace       used 10739K, capacity 10928K, committed 11136K, reserved 1058816K
  class space    used 1325K, capacity 1404K, committed 1408K, reserved 1048576K
}
Event: 2.388 GC heap before
{Heap before GC invocations=5 (full 0):
 PSYoungGen      total 33280K, used 33253K [0x00000000ec580000, 0x00000000ee880000, 0x0000000100000000)
  eden space 30720K, 100% used [0x00000000ec580000,0x00000000ee380000,0x00000000ee380000)
  from space 2560K, 98% used [0x00000000ee600000,0x00000000ee879658,0x00000000ee880000)
  to   space 2560K, 0% used [0x00000000ee380000,0x00000000ee380000,0x00000000ee600000)
 ParOldGen       total 40960K, used 1077K [0x00000000c5000000, 0x00000000c7800000, 0x00000000ec580000)
  object space 40960K, 2% used [0x00000000c5000000,0x00000000c510d548,0x00000000c7800000)
 Metaspace       used 16924K, capacity 17220K, committed 17408K, reserved 1064960K
  class space    used 2216K, capacity 2301K, committed 2304K, reserved 1048576K
Event: 2.396 GC heap after
Heap after GC invocations=5 (full 0):
 PSYoungGen      total 33280K, used 2555K [0x00000000ec580000, 0x00000000ee880000, 0x0000000100000000)
  eden space 30720K, 0% used [0x00000000ec580000,0x00000000ec580000,0x00000000ee380000)
  from space 2560K, 99% used [0x00000000ee380000,0x00000000ee5fec28,0x00000000ee600000)
  to   space 2560K, 0% used [0x00000000ee600000,0x00000000ee600000,0x00000000ee880000)
 ParOldGen       total 40960K, used 5598K [0x00000000c5000000, 0x00000000c7800000, 0x00000000ec580000)
  object space 40960K, 13% used [0x00000000c5000000,0x00000000c5577860,0x00000000c7800000)
 Metaspace       used 16924K, capacity 17220K, committed 17408K, reserved 1064960K
  class space    used 2216K, capacity 2301K, committed 2304K, reserved 1048576K
}
Event: 2.778 GC heap before
{Heap before GC invocations=6 (full 0):
 PSYoungGen      total 33280K, used 18017K [0x00000000ec580000, 0x00000000ee880000, 0x0000000100000000)
  eden space 30720K, 50% used [0x00000000ec580000,0x00000000ed499988,0x00000000ee380000)
  from space 2560K, 99% used [0x00000000ee380000,0x00000000ee5fec28,0x00000000ee600000)
  to   space 2560K, 0% used [0x00000000ee600000,0x00000000ee600000,0x00000000ee880000)
 ParOldGen       total 40960K, used 5598K [0x00000000c5000000, 0x00000000c7800000, 0x00000000ec580000)
  object space 40960K, 13% used [0x00000000c5000000,0x00000000c5577860,0x00000000c7800000)
 Metaspace       used 20806K, capacity 21154K, committed 21296K, reserved 1067008K
  class space    used 2712K, capacity 2842K, committed 2864K, reserved 1048576K
Event: 2.789 GC heap after
Heap after GC invocations=6 (full 0):
 PSYoungGen      total 33280K, used 2555K [0x00000000ec580000, 0x00000000ee880000, 0x0000000100000000)
  eden space 30720K, 0% used [0x00000000ec580000,0x00000000ec580000,0x00000000ee380000)
  from space 2560K, 99% used [0x00000000ee600000,0x00000000ee87ec48,0x00000000ee880000)
  to   space 2560K, 0% used [0x00000000ee380000,0x00000000ee380000,0x00000000ee600000)
 ParOldGen       total 40960K, used 9513K [0x00000000c5000000, 0x00000000c7800000, 0x00000000ec580000)
  object space 40960K, 23% used [0x00000000c5000000,0x00000000c594a528,0x00000000c7800000)
 Metaspace       used 20806K, capacity 21154K, committed 21296K, reserved 1067008K
  class space    used 2712K, capacity 2842K, committed 2864K, reserved 1048576K
}
Event: 2.789 GC heap before
{Heap before GC invocations=7 (full 1):
 PSYoungGen      total 33280K, used 2555K [0x00000000ec580000, 0x00000000ee880000, 0x0000000100000000)
  eden space 30720K, 0% used [0x00000000ec580000,0x00000000ec580000,0x00000000ee380000)
  from space 2560K, 99% used [0x00000000ee600000,0x00000000ee87ec48,0x00000000ee880000)
  to   space 2560K, 0% used [0x00000000ee380000,0x00000000ee380000,0x00000000ee600000)
 ParOldGen       total 40960K, used 9513K [0x00000000c5000000, 0x00000000c7800000, 0x00000000ec580000)
  object space 40960K, 23% used [0x00000000c5000000,0x00000000c594a528,0x00000000c7800000)
 Metaspace       used 20806K, capacity 21154K, committed 21296K, reserved 1067008K
  class space    used 2712K, capacity 2842K, committed 2864K, reserved 1048576K
Event: 2.825 GC heap after
Heap after GC invocations=7 (full 1):
 PSYoungGen      total 33280K, used 0K [0x00000000ec580000, 0x00000000ee880000, 0x0000000100000000)
  eden space 30720K, 0% used [0x00000000ec580000,0x00000000ec580000,0x00000000ee380000)
  from space 2560K, 0% used [0x00000000ee600000,0x00000000ee600000,0x00000000ee880000)
  to   space 2560K, 0% used [0x00000000ee380000,0x00000000ee380000,0x00000000ee600000)
 ParOldGen       total 30720K, used 7297K [0x00000000c5000000, 0x00000000c6e00000, 0x00000000ec580000)
  object space 30720K, 23% used [0x00000000c5000000,0x00000000c5720608,0x00000000c6e00000)
 Metaspace       used 20806K, capacity 21154K, committed 21296K, reserved 1067008K
  class space    used 2712K, capacity 2842K, committed 2864K, reserved 1048576K
}
Event: 3.620 GC heap before
{Heap before GC invocations=8 (full 1):
 PSYoungGen      total 33280K, used 30720K [0x00000000ec580000, 0x00000000ee880000, 0x0000000100000000)
  eden space 30720K, 100% used [0x00000000ec580000,0x00000000ee380000,0x00000000ee380000)
  from space 2560K, 0% used [0x00000000ee600000,0x00000000ee600000,0x00000000ee880000)
  to   space 2560K, 0% used [0x00000000ee380000,0x00000000ee380000,0x00000000ee600000)
 ParOldGen       total 30720K, used 7297K [0x00000000c5000000, 0x00000000c6e00000, 0x00000000ec580000)
  object space 30720K, 23% used [0x00000000c5000000,0x00000000c5720608,0x00000000c6e00000)
 Metaspace       used 25735K, capacity 26198K, committed 26288K, reserved 1073152K
  class space    used 3355K, capacity 3498K, committed 3504K, reserved 1048576K
Event: 3.626 GC heap after
Heap after GC invocations=8 (full 1):
 PSYoungGen      total 33280K, used 2553K [0x00000000ec580000, 0x00000000ee880000, 0x0000000100000000)
  eden space 30720K, 0% used [0x00000000ec580000,0x00000000ec580000,0x00000000ee380000)
  from space 2560K, 99% used [0x00000000ee380000,0x00000000ee5fe7d8,0x00000000ee600000)
  to   space 2560K, 0% used [0x00000000ee600000,0x00000000ee600000,0x00000000ee880000)
 ParOldGen       total 30720K, used 10272K [0x00000000c5000000, 0x00000000c6e00000, 0x00000000ec580000)
  object space 30720K, 33% used [0x00000000c5000000,0x00000000c5a08200,0x00000000c6e00000)
 Metaspace       used 25735K, capacity 26198K, committed 26288K, reserved 1073152K
  class space    used 3355K, capacity 3498K, committed 3504K, reserved 1048576K
}

